  Arrow.cpp
G:\2do\TPV1\DEOscar\BowPractica\Practica SDL\HolaSDL\Vector2D.h(20,26): warning C4552: "*": el resultado de la expresión no se usa
G:\2do\TPV1\DEOscar\BowPractica\Practica SDL\HolaSDL\Vector2D.h(20,32): warning C4552: "*": el resultado de la expresión no se usa
  ArrowGameObject.cpp
G:\2do\TPV1\DEOscar\BowPractica\Practica SDL\HolaSDL\Arrow.cpp(8,22): warning C4244: 'argumento': conversión de 'double' a 'int'; posible pérdida de datos
G:\2do\TPV1\DEOscar\BowPractica\Practica SDL\HolaSDL\Vector2D.h(20,26): warning C4552: "*": el resultado de la expresión no se usa
G:\2do\TPV1\DEOscar\BowPractica\Practica SDL\HolaSDL\Vector2D.h(20,32): warning C4552: "*": el resultado de la expresión no se usa
G:\2do\TPV1\DEOscar\BowPractica\Practica SDL\HolaSDL\ArrowGameObject.cpp(28,19): warning C4244: '=': conversión de 'double' a 'int'; posible pérdida de datos
  Bow.cpp
G:\2do\TPV1\DEOscar\BowPractica\Practica SDL\HolaSDL\ArrowGameObject.cpp(29,19): warning C4244: '=': conversión de 'double' a 'int'; posible pérdida de datos
G:\2do\TPV1\DEOscar\BowPractica\Practica SDL\HolaSDL\Vector2D.h(20,26): warning C4552: "*": el resultado de la expresión no se usa
G:\2do\TPV1\DEOscar\BowPractica\Practica SDL\HolaSDL\Vector2D.h(20,32): warning C4552: "*": el resultado de la expresión no se usa
G:\2do\TPV1\DEOscar\BowPractica\Practica SDL\HolaSDL\Bow.cpp(12,22): warning C4244: 'argumento': conversión de 'double' a 'int'; posible pérdida de datos
G:\2do\TPV1\DEOscar\BowPractica\Practica SDL\HolaSDL\Bow.cpp(28,29): warning C4244: 'argumento': conversión de 'double' a 'int'; posible pérdida de datos
  Game.cpp
G:\2do\TPV1\DEOscar\BowPractica\Practica SDL\HolaSDL\Bow.cpp(29,26): warning C4244: 'argumento': conversión de 'double' a 'int'; posible pérdida de datos
G:\2do\TPV1\DEOscar\BowPractica\Practica SDL\HolaSDL\Vector2D.h(20,26): warning C4552: "*": el resultado de la expresión no se usa
G:\2do\TPV1\DEOscar\BowPractica\Practica SDL\HolaSDL\Vector2D.h(20,32): warning C4552: "*": el resultado de la expresión no se usa
G:\2do\TPV1\DEOscar\BowPractica\Practica SDL\HolaSDL\Game.cpp(55,22): warning C4018: '<': no coinciden signed/unsigned
G:\2do\TPV1\DEOscar\BowPractica\Practica SDL\HolaSDL\Game.cpp(67,20): warning C4018: '<': no coinciden signed/unsigned
G:\2do\TPV1\DEOscar\BowPractica\Practica SDL\HolaSDL\Game.cpp(75,20): warning C4018: '<': no coinciden signed/unsigned
G:\2do\TPV1\DEOscar\BowPractica\Practica SDL\HolaSDL\Game.cpp(126,20): warning C4018: '<': no coinciden signed/unsigned
  main.cpp
G:\2do\TPV1\DEOscar\BowPractica\Practica SDL\HolaSDL\Game.cpp(129,20): warning C4018: '<': no coinciden signed/unsigned
G:\2do\TPV1\DEOscar\BowPractica\Practica SDL\HolaSDL\Vector2D.h(20,26): warning C4552: "*": el resultado de la expresión no se usa
  Generando código...
G:\2do\TPV1\DEOscar\BowPractica\Practica SDL\HolaSDL\Vector2D.h(20,32): warning C4552: "*": el resultado de la expresión no se usa
  HolaSDL.vcxproj -> G:\2do\TPV1\DEOscar\BowPractica\Practica SDL\bin\HolaSDLDebug.exe
