  Arrow.cpp
G:\2do\TPV1\DEOscar\BowPractica\ProyectosSDL\HolaSDL\Vector2D.h(20,26): warning C4552: "*": el resultado de la expresión no se usa
G:\2do\TPV1\DEOscar\BowPractica\ProyectosSDL\HolaSDL\Vector2D.h(20,32): warning C4552: "*": el resultado de la expresión no se usa
G:\2do\TPV1\DEOscar\BowPractica\ProyectosSDL\HolaSDL\Arrow.cpp(25,21): warning C4244: '=': conversión de 'double' a 'int'; posible pérdida de datos
G:\2do\TPV1\DEOscar\BowPractica\ProyectosSDL\HolaSDL\Arrow.cpp(26,21): warning C4244: '=': conversión de 'double' a 'int'; posible pérdida de datos
G:\2do\TPV1\DEOscar\BowPractica\ProyectosSDL\HolaSDL\Arrow.cpp(30,32): warning C4244: '=': conversión de 'double' a 'int'; posible pérdida de datos
G:\2do\TPV1\DEOscar\BowPractica\ProyectosSDL\HolaSDL\Arrow.cpp(31,29): warning C4244: '=': conversión de 'double' a 'int'; posible pérdida de datos
G:\2do\TPV1\DEOscar\BowPractica\ProyectosSDL\HolaSDL\Arrow.cpp(41,22): warning C4244: 'argumento': conversión de 'double' a 'int'; posible pérdida de datos
G:\2do\TPV1\DEOscar\BowPractica\ProyectosSDL\HolaSDL\Arrow.cpp(42,20): warning C4244: '=': conversión de 'double' a 'int'; posible pérdida de datos
G:\2do\TPV1\DEOscar\BowPractica\ProyectosSDL\HolaSDL\Arrow.cpp(43,20): warning C4244: '=': conversión de 'double' a 'int'; posible pérdida de datos
G:\2do\TPV1\DEOscar\BowPractica\ProyectosSDL\HolaSDL\Arrow.cpp(44,23): warning C4244: '=': conversión de 'double' a 'int'; posible pérdida de datos
  ArrowGameObject.cpp
G:\2do\TPV1\DEOscar\BowPractica\ProyectosSDL\HolaSDL\Arrow.cpp(45,20): warning C4244: '=': conversión de 'double' a 'int'; posible pérdida de datos
G:\2do\TPV1\DEOscar\BowPractica\ProyectosSDL\HolaSDL\Vector2D.h(20,26): warning C4552: "*": el resultado de la expresión no se usa
  Ballon.cpp
G:\2do\TPV1\DEOscar\BowPractica\ProyectosSDL\HolaSDL\Vector2D.h(20,32): warning C4552: "*": el resultado de la expresión no se usa
G:\2do\TPV1\DEOscar\BowPractica\ProyectosSDL\HolaSDL\Vector2D.h(20,26): warning C4552: "*": el resultado de la expresión no se usa
G:\2do\TPV1\DEOscar\BowPractica\ProyectosSDL\HolaSDL\Vector2D.h(20,32): warning C4552: "*": el resultado de la expresión no se usa
G:\2do\TPV1\DEOscar\BowPractica\ProyectosSDL\HolaSDL\Ballon.cpp(22,23): warning C4244: '=': conversión de 'double' a 'int'; posible pérdida de datos
G:\2do\TPV1\DEOscar\BowPractica\ProyectosSDL\HolaSDL\Ballon.cpp(23,23): warning C4244: '=': conversión de 'double' a 'int'; posible pérdida de datos
G:\2do\TPV1\DEOscar\BowPractica\ProyectosSDL\HolaSDL\Ballon.cpp(47,24): warning C4244: '=': conversión de 'double' a 'int'; posible pérdida de datos
G:\2do\TPV1\DEOscar\BowPractica\ProyectosSDL\HolaSDL\Ballon.cpp(48,24): warning C4244: '=': conversión de 'double' a 'int'; posible pérdida de datos
  Bow.cpp
G:\2do\TPV1\DEOscar\BowPractica\ProyectosSDL\HolaSDL\Ballon.cpp(58,17): warning C4018: '>': no coinciden signed/unsigned
G:\2do\TPV1\DEOscar\BowPractica\ProyectosSDL\HolaSDL\Vector2D.h(20,26): warning C4552: "*": el resultado de la expresión no se usa
G:\2do\TPV1\DEOscar\BowPractica\ProyectosSDL\HolaSDL\Vector2D.h(20,32): warning C4552: "*": el resultado de la expresión no se usa
G:\2do\TPV1\DEOscar\BowPractica\ProyectosSDL\HolaSDL\Bow.cpp(18,20): warning C4244: '=': conversión de 'double' a 'int'; posible pérdida de datos
G:\2do\TPV1\DEOscar\BowPractica\ProyectosSDL\HolaSDL\Bow.cpp(19,20): warning C4244: '=': conversión de 'double' a 'int'; posible pérdida de datos
G:\2do\TPV1\DEOscar\BowPractica\ProyectosSDL\HolaSDL\Bow.cpp(25,21): warning C4018: '<': no coinciden signed/unsigned
G:\2do\TPV1\DEOscar\BowPractica\ProyectosSDL\HolaSDL\Bow.cpp(42,21): warning C4018: '<': no coinciden signed/unsigned
G:\2do\TPV1\DEOscar\BowPractica\ProyectosSDL\HolaSDL\Bow.cpp(51,22): warning C4244: 'argumento': conversión de 'double' a 'int'; posible pérdida de datos
G:\2do\TPV1\DEOscar\BowPractica\ProyectosSDL\HolaSDL\Bow.cpp(58,20): warning C4244: '=': conversión de 'double' a 'int'; posible pérdida de datos
G:\2do\TPV1\DEOscar\BowPractica\ProyectosSDL\HolaSDL\Bow.cpp(60,21): warning C4018: '<': no coinciden signed/unsigned
G:\2do\TPV1\DEOscar\BowPractica\ProyectosSDL\HolaSDL\Bow.cpp(81,25): warning C4244: '=': conversión de 'double' a 'int'; posible pérdida de datos
G:\2do\TPV1\DEOscar\BowPractica\ProyectosSDL\HolaSDL\Bow.cpp(85,26): warning C4244: 'argumento': conversión de 'double' a 'int'; posible pérdida de datos
G:\2do\TPV1\DEOscar\BowPractica\ProyectosSDL\HolaSDL\Bow.cpp(86,45): warning C4244: 'argumento': conversión de 'double' a 'int'; posible pérdida de datos
  Game.cpp
G:\2do\TPV1\DEOscar\BowPractica\ProyectosSDL\HolaSDL\Bow.cpp(93,22): warning C4244: '=': conversión de 'double' a 'int'; posible pérdida de datos
G:\2do\TPV1\DEOscar\BowPractica\ProyectosSDL\HolaSDL\Vector2D.h(20,26): warning C4552: "*": el resultado de la expresión no se usa
G:\2do\TPV1\DEOscar\BowPractica\ProyectosSDL\HolaSDL\Vector2D.h(20,32): warning C4552: "*": el resultado de la expresión no se usa
G:\2do\TPV1\DEOscar\BowPractica\ProyectosSDL\HolaSDL\Game.cpp(63,21): warning C4018: '<': no coinciden signed/unsigned
G:\2do\TPV1\DEOscar\BowPractica\ProyectosSDL\HolaSDL\Game.cpp(101,20): warning C4018: '<': no coinciden signed/unsigned
G:\2do\TPV1\DEOscar\BowPractica\ProyectosSDL\HolaSDL\Game.cpp(109,20): warning C4018: '<': no coinciden signed/unsigned
G:\2do\TPV1\DEOscar\BowPractica\ProyectosSDL\HolaSDL\Game.cpp(141,20): warning C4018: '<': no coinciden signed/unsigned
  main.cpp
G:\2do\TPV1\DEOscar\BowPractica\ProyectosSDL\HolaSDL\Game.cpp(177,20): warning C4018: '<': no coinciden signed/unsigned
G:\2do\TPV1\DEOscar\BowPractica\ProyectosSDL\HolaSDL\Vector2D.h(20,26): warning C4552: "*": el resultado de la expresión no se usa
  ScoreBoard.cpp
G:\2do\TPV1\DEOscar\BowPractica\ProyectosSDL\HolaSDL\Vector2D.h(20,32): warning C4552: "*": el resultado de la expresión no se usa
G:\2do\TPV1\DEOscar\BowPractica\ProyectosSDL\HolaSDL\Vector2D.h(20,26): warning C4552: "*": el resultado de la expresión no se usa
  Generando código...
G:\2do\TPV1\DEOscar\BowPractica\ProyectosSDL\HolaSDL\Vector2D.h(20,32): warning C4552: "*": el resultado de la expresión no se usa
  HolaSDL.vcxproj -> G:\2do\TPV1\DEOscar\BowPractica\ProyectosSDL\bin\HolaSDLDebug.exe
